<?xml version="1.0" encoding="UTF-8"?>
<testsuite xmlns:xsi="http://www.w3.org/2001/XMLSchema-instance" xsi:noNamespaceSchemaLocation="https://maven.apache.org/surefire/maven-surefire-plugin/xsd/surefire-test-report-3.0.xsd" version="3.0" name="com.um_project_game.LauncherTest" time="0.018" tests="1" errors="0" skipped="0" failures="0">
  <properties>
    <property name="java.specification.version" value="23"/>
    <property name="sun.jnu.encoding" value="UTF-8"/>
    <property name="java.class.path" value="/Users/noamfavier/Git_projects/um_project-2-1/target/test-classes:/Users/noamfavier/.m2/repository/org/junit/jupiter/junit-jupiter-api/5.10.0/junit-jupiter-api-5.10.0.jar:/Users/noamfavier/.m2/repository/org/opentest4j/opentest4j/1.3.0/opentest4j-1.3.0.jar:/Users/noamfavier/.m2/repository/org/junit/platform/junit-platform-commons/1.10.0/junit-platform-commons-1.10.0.jar:/Users/noamfavier/.m2/repository/org/apiguardian/apiguardian-api/1.1.2/apiguardian-api-1.1.2.jar:/Users/noamfavier/.m2/repository/org/junit/jupiter/junit-jupiter-engine/5.10.0/junit-jupiter-engine-5.10.0.jar:/Users/noamfavier/.m2/repository/org/junit/platform/junit-platform-engine/1.10.0/junit-platform-engine-1.10.0.jar:/Users/noamfavier/.m2/repository/org/joml/joml-primitives/1.10.0/joml-primitives-1.10.0.jar:/Users/noamfavier/.m2/repository/org/openjfx/javafx-graphics/22.0.1/javafx-graphics-22.0.1.jar:/Users/noamfavier/.m2/repository/org/openjfx/javafx-controls/22.0.1/javafx-controls-22.0.1.jar:/Users/noamfavier/.m2/repository/org/openjfx/javafx-media/22.0.1/javafx-media-22.0.1.jar:/Users/noamfavier/.m2/repository/org/openjfx/javafx-base/21.0.1/javafx-base-21.0.1.jar:/Users/noamfavier/.m2/repository/org/openjfx/javafx-swing/21.0.1/javafx-swing-21.0.1.jar:/Users/noamfavier/.m2/repository/org/openjfx/javafx-web/21.0.1/javafx-web-21.0.1.jar:/Users/noamfavier/.m2/repository/org/openjfx/javafx-fxml/20/javafx-fxml-20.jar:/Users/noamfavier/.m2/repository/org/jetbrains/kotlin/kotlin-stdlib-common/1.8.10/kotlin-stdlib-common-1.8.10.jar:"/>
    <property name="java.vm.vendor" value="Homebrew"/>
    <property name="sun.arch.data.model" value="64"/>
    <property name="java.vendor.url" value="https://github.com/Homebrew/homebrew-core/issues"/>
    <property name="os.name" value="Mac OS X"/>
    <property name="java.vm.specification.version" value="23"/>
    <property name="sun.java.launcher" value="SUN_STANDARD"/>
    <property name="user.country" value="US"/>
    <property name="sun.boot.library.path" value="/opt/homebrew/Cellar/openjdk/23/libexec/openjdk.jdk/Contents/Home/lib"/>
    <property name="sun.java.command" value="org.apache.maven.surefire.booter.ForkedBooter /Users/noamfavier/Git_projects/um_project-2-1/target/surefire 2024-10-08T11-49-30_069-jvmRun1 surefire-20241008114930205_1tmp surefire_0-20241008114930205_2tmp"/>
    <property name="http.nonProxyHosts" value="local|*.local|169.254/16|*.169.254/16"/>
    <property name="jdk.debug" value="release"/>
    <property name="surefire.test.class.path" value="/Users/noamfavier/Git_projects/um_project-2-1/target/test-classes:/Users/noamfavier/.m2/repository/org/junit/jupiter/junit-jupiter-api/5.10.0/junit-jupiter-api-5.10.0.jar:/Users/noamfavier/.m2/repository/org/opentest4j/opentest4j/1.3.0/opentest4j-1.3.0.jar:/Users/noamfavier/.m2/repository/org/junit/platform/junit-platform-commons/1.10.0/junit-platform-commons-1.10.0.jar:/Users/noamfavier/.m2/repository/org/apiguardian/apiguardian-api/1.1.2/apiguardian-api-1.1.2.jar:/Users/noamfavier/.m2/repository/org/junit/jupiter/junit-jupiter-engine/5.10.0/junit-jupiter-engine-5.10.0.jar:/Users/noamfavier/.m2/repository/org/junit/platform/junit-platform-engine/1.10.0/junit-platform-engine-1.10.0.jar:/Users/noamfavier/.m2/repository/org/joml/joml-primitives/1.10.0/joml-primitives-1.10.0.jar:/Users/noamfavier/.m2/repository/org/openjfx/javafx-graphics/22.0.1/javafx-graphics-22.0.1.jar:/Users/noamfavier/.m2/repository/org/openjfx/javafx-controls/22.0.1/javafx-controls-22.0.1.jar:/Users/noamfavier/.m2/repository/org/openjfx/javafx-media/22.0.1/javafx-media-22.0.1.jar:/Users/noamfavier/.m2/repository/org/openjfx/javafx-base/21.0.1/javafx-base-21.0.1.jar:/Users/noamfavier/.m2/repository/org/openjfx/javafx-swing/21.0.1/javafx-swing-21.0.1.jar:/Users/noamfavier/.m2/repository/org/openjfx/javafx-web/21.0.1/javafx-web-21.0.1.jar:/Users/noamfavier/.m2/repository/org/openjfx/javafx-fxml/20/javafx-fxml-20.jar:/Users/noamfavier/.m2/repository/org/jetbrains/kotlin/kotlin-stdlib-common/1.8.10/kotlin-stdlib-common-1.8.10.jar:"/>
    <property name="sun.cpu.endian" value="little"/>
    <property name="user.home" value="/Users/noamfavier"/>
    <property name="user.language" value="en"/>
    <property name="java.specification.vendor" value="Oracle Corporation"/>
    <property name="jdk.module.path" value="/Users/noamfavier/Git_projects/um_project-2-1/target/classes:/Users/noamfavier/.m2/repository/org/jetbrains/annotations/24.0.1/annotations-24.0.1.jar:/Users/noamfavier/.m2/repository/org/apache/logging/log4j/log4j-api/2.23.1/log4j-api-2.23.1.jar:/Users/noamfavier/.m2/repository/org/apache/logging/log4j/log4j-core/2.23.1/log4j-core-2.23.1.jar:/Users/noamfavier/.m2/repository/org/joml/joml/1.10.5/joml-1.10.5.jar:/Users/noamfavier/.m2/repository/org/openjfx/javafx-controls/22.0.1/javafx-controls-22.0.1-linux.jar:/Users/noamfavier/.m2/repository/org/openjfx/javafx-graphics/22.0.1/javafx-graphics-22.0.1-mac-aarch64.jar:/Users/noamfavier/.m2/repository/org/openjfx/javafx-fxml/22.0.1/javafx-fxml-22.0.1-linux.jar:/Users/noamfavier/.m2/repository/org/openjfx/javafx-web/22.0.1/javafx-web-22.0.1-linux.jar:/Users/noamfavier/.m2/repository/org/openjfx/javafx-swing/22.0.1/javafx-swing-22.0.1-linux.jar:/Users/noamfavier/.m2/repository/org/openjfx/javafx-media/22.0.1/javafx-media-22.0.1-linux.jar:/Users/noamfavier/.m2/repository/org/controlsfx/controlsfx/11.2.1/controlsfx-11.2.1.jar:/Users/noamfavier/.m2/repository/org/kordamp/ikonli/ikonli-javafx/12.3.1/ikonli-javafx-12.3.1.jar:/Users/noamfavier/.m2/repository/org/kordamp/ikonli/ikonli-core/12.3.1/ikonli-core-12.3.1.jar:/Users/noamfavier/.m2/repository/eu/hansolo/tilesfx/21.0.3/tilesfx-21.0.3.jar:/Users/noamfavier/.m2/repository/eu/hansolo/fx/countries/21.0.3/countries-21.0.3.jar:/Users/noamfavier/.m2/repository/eu/hansolo/fx/heatmap/21.0.3/heatmap-21.0.3.jar:/Users/noamfavier/.m2/repository/eu/hansolo/toolboxfx/21.0.3/toolboxfx-21.0.3.jar:/Users/noamfavier/.m2/repository/eu/hansolo/toolbox/21.0.5/toolbox-21.0.5.jar:/Users/noamfavier/.m2/repository/org/openjfx/javafx-base/21.0.1/javafx-base-21.0.1-mac-aarch64.jar:/Users/noamfavier/.m2/repository/com/github/almasb/fxgl/17.3/fxgl-17.3.jar:/Users/noamfavier/.m2/repository/com/github/almasb/fxgl-core/17.3/fxgl-core-17.3.jar:/Users/noamfavier/.m2/repository/com/gluonhq/attach/audio/4.0.17/audio-4.0.17.jar:/Users/noamfavier/.m2/repository/com/github/almasb/fxgl-io/17.3/fxgl-io-17.3.jar:/Users/noamfavier/.m2/repository/com/gluonhq/attach/storage/4.0.17/storage-4.0.17.jar:/Users/noamfavier/.m2/repository/com/gluonhq/attach/util/4.0.17/util-4.0.17.jar:/Users/noamfavier/.m2/repository/com/github/almasb/fxgl-entity/17.3/fxgl-entity-17.3.jar:/Users/noamfavier/.m2/repository/com/github/almasb/fxgl-scene/17.3/fxgl-scene-17.3.jar:/Users/noamfavier/.m2/repository/com/github/almasb/fxgl-gameplay/17.3/fxgl-gameplay-17.3.jar:/Users/noamfavier/.m2/repository/com/fasterxml/jackson/core/jackson-annotations/2.14.2/jackson-annotations-2.14.2.jar:/Users/noamfavier/.m2/repository/com/fasterxml/jackson/core/jackson-databind/2.14.2/jackson-databind-2.14.2.jar:/Users/noamfavier/.m2/repository/com/fasterxml/jackson/core/jackson-core/2.14.2/jackson-core-2.14.2.jar:/Users/noamfavier/.m2/repository/com/gluonhq/attach/lifecycle/4.0.17/lifecycle-4.0.17.jar:/Users/noamfavier/.m2/repository/org/jetbrains/kotlin/kotlin-stdlib/1.8.10/kotlin-stdlib-1.8.10.jar"/>
    <property name="java.version.date" value="2024-09-17"/>
    <property name="java.home" value="/opt/homebrew/Cellar/openjdk/23/libexec/openjdk.jdk/Contents/Home"/>
    <property name="file.separator" value="/"/>
    <property name="basedir" value="/Users/noamfavier/Git_projects/um_project-2-1"/>
    <property name="java.vm.compressedOopsMode" value="Zero based"/>
    <property name="line.separator" value="&#10;"/>
    <property name="java.vm.specification.vendor" value="Oracle Corporation"/>
    <property name="java.specification.name" value="Java Platform API Specification"/>
    <property name="apple.awt.application.name" value="ForkedBooter"/>
    <property name="surefire.real.class.path" value="/Users/noamfavier/.m2/repository/org/apache/maven/surefire/surefire-booter/3.2.5/surefire-booter-3.2.5.jar:/Users/noamfavier/.m2/repository/org/apache/maven/surefire/surefire-api/3.2.5/surefire-api-3.2.5.jar:/Users/noamfavier/.m2/repository/org/apache/maven/surefire/surefire-logger-api/3.2.5/surefire-logger-api-3.2.5.jar:/Users/noamfavier/.m2/repository/org/apache/maven/surefire/surefire-shared-utils/3.2.5/surefire-shared-utils-3.2.5.jar:/Users/noamfavier/.m2/repository/org/apache/maven/surefire/surefire-extensions-spi/3.2.5/surefire-extensions-spi-3.2.5.jar:/Users/noamfavier/Git_projects/um_project-2-1/target/test-classes:/Users/noamfavier/.m2/repository/org/junit/jupiter/junit-jupiter-api/5.10.0/junit-jupiter-api-5.10.0.jar:/Users/noamfavier/.m2/repository/org/opentest4j/opentest4j/1.3.0/opentest4j-1.3.0.jar:/Users/noamfavier/.m2/repository/org/junit/platform/junit-platform-commons/1.10.0/junit-platform-commons-1.10.0.jar:/Users/noamfavier/.m2/repository/org/apiguardian/apiguardian-api/1.1.2/apiguardian-api-1.1.2.jar:/Users/noamfavier/.m2/repository/org/junit/jupiter/junit-jupiter-engine/5.10.0/junit-jupiter-engine-5.10.0.jar:/Users/noamfavier/.m2/repository/org/junit/platform/junit-platform-engine/1.10.0/junit-platform-engine-1.10.0.jar:/Users/noamfavier/.m2/repository/org/joml/joml-primitives/1.10.0/joml-primitives-1.10.0.jar:/Users/noamfavier/.m2/repository/org/openjfx/javafx-graphics/22.0.1/javafx-graphics-22.0.1.jar:/Users/noamfavier/.m2/repository/org/openjfx/javafx-controls/22.0.1/javafx-controls-22.0.1.jar:/Users/noamfavier/.m2/repository/org/openjfx/javafx-media/22.0.1/javafx-media-22.0.1.jar:/Users/noamfavier/.m2/repository/org/openjfx/javafx-base/21.0.1/javafx-base-21.0.1.jar:/Users/noamfavier/.m2/repository/org/openjfx/javafx-swing/21.0.1/javafx-swing-21.0.1.jar:/Users/noamfavier/.m2/repository/org/openjfx/javafx-web/21.0.1/javafx-web-21.0.1.jar:/Users/noamfavier/.m2/repository/org/openjfx/javafx-fxml/20/javafx-fxml-20.jar:/Users/noamfavier/.m2/repository/org/jetbrains/kotlin/kotlin-stdlib-common/1.8.10/kotlin-stdlib-common-1.8.10.jar:/Users/noamfavier/.m2/repository/org/apache/maven/surefire/surefire-junit-platform/3.2.5/surefire-junit-platform-3.2.5.jar:/Users/noamfavier/.m2/repository/org/apache/maven/surefire/common-java5/3.2.5/common-java5-3.2.5.jar:/Users/noamfavier/.m2/repository/org/junit/platform/junit-platform-launcher/1.10.0/junit-platform-launcher-1.10.0.jar"/>
    <property name="sun.management.compiler" value="HotSpot 64-Bit Tiered Compilers"/>
    <property name="ftp.nonProxyHosts" value="local|*.local|169.254/16|*.169.254/16"/>
    <property name="java.runtime.version" value="23"/>
    <property name="user.name" value="noamfavier"/>
    <property name="stdout.encoding" value="UTF-8"/>
    <property name="path.separator" value=":"/>
    <property name="os.version" value="15.1"/>
    <property name="java.runtime.name" value="OpenJDK Runtime Environment"/>
    <property name="file.encoding" value="UTF-8"/>
    <property name="java.vm.name" value="OpenJDK 64-Bit Server VM"/>
    <property name="java.vendor.version" value="Homebrew"/>
    <property name="localRepository" value="/Users/noamfavier/.m2/repository"/>
    <property name="java.vendor.url.bug" value="https://github.com/Homebrew/homebrew-core/issues"/>
    <property name="java.io.tmpdir" value="/var/folders/vk/s8r6rwd92719xkklt103t3_m0000gn/T/"/>
    <property name="java.version" value="23"/>
    <property name="user.dir" value="/Users/noamfavier/Git_projects/um_project-2-1"/>
    <property name="os.arch" value="aarch64"/>
    <property name="java.vm.specification.name" value="Java Virtual Machine Specification"/>
    <property name="native.encoding" value="UTF-8"/>
    <property name="java.library.path" value="/Users/noamfavier/Library/Java/Extensions:/Library/Java/Extensions:/Network/Library/Java/Extensions:/System/Library/Java/Extensions:/usr/lib/java:."/>
    <property name="java.vm.info" value="mixed mode"/>
    <property name="stderr.encoding" value="UTF-8"/>
    <property name="java.vendor" value="Homebrew"/>
    <property name="java.vm.version" value="23"/>
    <property name="sun.io.unicode.encoding" value="UnicodeBig"/>
    <property name="socksNonProxyHosts" value="local|*.local|169.254/16|*.169.254/16"/>
    <property name="java.class.version" value="67.0"/>
  </properties>
  <testcase name="testApp" classname="com.um_project_game.LauncherTest" time="0.009"/>
</testsuite>